2019-02-19 17:46:22 Send126Mail.py[line:36] INFO ----------登录126邮箱
2019-02-19 17:46:23 Send126Mail.py[line:67] INFO 执行步骤“打开浏览器”成功
2019-02-19 17:46:25 Send126Mail.py[line:67] INFO 执行步骤“访问126邮箱”成功
2019-02-19 17:46:26 Send126Mail.py[line:67] INFO 执行步骤“最大化窗口”成功
2019-02-19 17:46:27 Send126Mail.py[line:67] INFO 执行步骤“切入登录界面frame”成功
2019-02-19 17:46:27 Send126Mail.py[line:67] INFO 执行步骤“登录用户名清空”成功
2019-02-19 17:46:27 Send126Mail.py[line:67] INFO 执行步骤“输入登录用户名”成功
2019-02-19 17:46:27 Send126Mail.py[line:67] INFO 执行步骤“输入登录密码清空”成功
2019-02-19 17:46:28 Send126Mail.py[line:67] INFO 执行步骤“输入登录密码”成功
2019-02-19 17:46:28 Send126Mail.py[line:67] INFO 执行步骤“单击登录按钮”成功
2019-02-19 17:46:31 Send126Mail.py[line:67] INFO 执行步骤“等待登录后页面加载”成功
2019-02-19 17:46:31 Send126Mail.py[line:67] INFO 执行步骤“切入默认会话窗体”成功
2019-02-19 17:46:32 Send126Mail.py[line:67] INFO 执行步骤“断言登录成功”成功
2019-02-19 17:46:32 Send126Mail.py[line:36] INFO ----------发送带附件的邮件
2019-02-19 17:46:32 Send126Mail.py[line:67] INFO 执行步骤“判断“写信”按钮是否在页面上可见”成功
2019-02-19 17:46:32 Send126Mail.py[line:67] INFO 执行步骤“单击“写信”按钮”成功
2019-02-19 17:46:33 Send126Mail.py[line:67] INFO 执行步骤“收入收件人地址”成功
2019-02-19 17:46:33 Send126Mail.py[line:67] INFO 执行步骤“输入邮件主题”成功
2019-02-19 17:46:34 Send126Mail.py[line:67] INFO 执行步骤“单击“上传附件”按钮”成功
2019-02-19 17:46:36 Send126Mail.py[line:67] INFO 执行步骤“输入附件所在的绝对路径”成功
2019-02-19 17:46:37 Send126Mail.py[line:67] INFO 执行步骤“模拟键盘回车键”成功
2019-02-19 17:46:40 Send126Mail.py[line:67] INFO 执行步骤“等待附件上传完毕”成功
2019-02-19 17:46:40 Send126Mail.py[line:67] INFO 执行步骤“切入邮件正文的frame”成功
2019-02-19 17:46:40 Send126Mail.py[line:67] INFO 执行步骤“输入邮件正文”成功
2019-02-19 17:46:40 Send126Mail.py[line:67] INFO 执行步骤“切入默认会话窗体”成功
2019-02-19 17:46:40 Send126Mail.py[line:67] INFO 执行步骤“单击邮件“发送”按钮”成功
2019-02-19 17:46:44 Send126Mail.py[line:67] INFO 执行步骤“等待邮件发送”成功
2019-02-19 17:46:44 Send126Mail.py[line:67] INFO 执行步骤“断言邮件时候发送成功”成功
2019-02-19 17:46:45 Send126Mail.py[line:67] INFO 执行步骤“关闭浏览器”成功
2019-02-19 17:46:45 Send126Mail.py[line:82] ERROR 共2条用例，2条需要被执行，本次执行通过2条
