2019-02-19 17:54:31 Send126Mail.py[line:24] INFO ----------登录126邮箱
2019-02-19 17:54:31 Send126Mail.py[line:33] INFO **********调用关键字驱动**********
2019-02-19 17:54:34 Send126Mail.py[line:70] INFO 执行步骤“打开浏览器”成功
2019-02-19 17:54:35 Send126Mail.py[line:70] INFO 执行步骤“访问126邮箱”成功
2019-02-19 17:54:35 Send126Mail.py[line:70] INFO 执行步骤“最大化窗口”成功
2019-02-19 17:54:37 Send126Mail.py[line:70] INFO 执行步骤“切入登录界面frame”成功
2019-02-19 17:54:37 Send126Mail.py[line:70] INFO 执行步骤“登录用户名清空”成功
2019-02-19 17:54:37 Send126Mail.py[line:70] INFO 执行步骤“输入登录用户名”成功
2019-02-19 17:54:37 Send126Mail.py[line:70] INFO 执行步骤“输入登录密码清空”成功
2019-02-19 17:54:37 Send126Mail.py[line:70] INFO 执行步骤“输入登录密码”成功
2019-02-19 17:54:38 Send126Mail.py[line:70] INFO 执行步骤“单击登录按钮”成功
2019-02-19 17:54:41 Send126Mail.py[line:70] INFO 执行步骤“等待登录后页面加载”成功
2019-02-19 17:54:41 Send126Mail.py[line:70] INFO 执行步骤“切入默认会话窗体”成功
2019-02-19 17:54:41 Send126Mail.py[line:70] INFO 执行步骤“断言登录成功”成功
2019-02-19 17:54:41 Send126Mail.py[line:81] INFO 用例“登录126邮箱”执行成功
2019-02-19 17:54:41 Send126Mail.py[line:24] INFO ----------添加联系人
2019-02-19 17:54:41 Send126Mail.py[line:86] INFO **********调用数据驱动**********
2019-02-19 17:54:41 CreateContacts.py[line:21] INFO 开始添加联系人“zhang@qq.com”
2019-02-19 17:54:41 CreateContacts.py[line:56] INFO 执行步骤“判断“通讯录”链接是否在页面上可见”成功
2019-02-19 17:54:41 CreateContacts.py[line:56] INFO 执行步骤“单击“通讯录”按钮”成功
2019-02-19 17:54:42 CreateContacts.py[line:56] INFO 执行步骤“判断“新建联系人”按钮是否在页面上可见,并且单击”成功
2019-02-19 17:54:42 CreateContacts.py[line:56] INFO 执行步骤“单击“新建联系人”按钮”成功
2019-02-19 17:54:42 CreateContacts.py[line:56] INFO 执行步骤“输入联系人姓名”成功
2019-02-19 17:54:42 CreateContacts.py[line:56] INFO 执行步骤“输入电子邮箱”成功
2019-02-19 17:54:42 CreateContacts.py[line:56] INFO 执行步骤“设为星级联系人”成功
2019-02-19 17:54:43 CreateContacts.py[line:56] INFO 执行步骤“输入手机号”成功
2019-02-19 17:54:44 CreateContacts.py[line:56] INFO 执行步骤“输入联系人备注信息”成功
2019-02-19 17:54:44 CreateContacts.py[line:56] INFO 执行步骤“单击“确认”按钮，保存新建联系人”成功
2019-02-19 17:54:49 CreateContacts.py[line:56] INFO 执行步骤“等待3秒”成功
2019-02-19 17:54:49 CreateContacts.py[line:56] INFO 执行步骤“断言联系人是否成功添加”成功
2019-02-19 17:54:49 CreateContacts.py[line:21] INFO 开始添加联系人“lily@qq.com”
2019-02-19 17:54:49 CreateContacts.py[line:56] INFO 执行步骤“判断“通讯录”链接是否在页面上可见”成功
2019-02-19 17:54:49 CreateContacts.py[line:56] INFO 执行步骤“单击“通讯录”按钮”成功
2019-02-19 17:54:49 CreateContacts.py[line:56] INFO 执行步骤“判断“新建联系人”按钮是否在页面上可见,并且单击”成功
2019-02-19 17:54:49 CreateContacts.py[line:56] INFO 执行步骤“单击“新建联系人”按钮”成功
2019-02-19 17:54:49 CreateContacts.py[line:56] INFO 执行步骤“输入联系人姓名”成功
2019-02-19 17:54:49 CreateContacts.py[line:56] INFO 执行步骤“输入电子邮箱”成功
2019-02-19 17:54:49 CreateContacts.py[line:56] INFO 执行步骤“设为星级联系人”成功
2019-02-19 17:54:50 CreateContacts.py[line:56] INFO 执行步骤“输入手机号”成功
2019-02-19 17:54:50 CreateContacts.py[line:56] INFO 执行步骤“输入联系人备注信息”成功
2019-02-19 17:54:50 CreateContacts.py[line:56] INFO 执行步骤“单击“确认”按钮，保存新建联系人”成功
2019-02-19 17:54:55 CreateContacts.py[line:56] INFO 执行步骤“等待3秒”成功
2019-02-19 17:54:55 CreateContacts.py[line:56] INFO 执行步骤“断言联系人是否成功添加”成功
2019-02-19 17:54:55 Send126Mail.py[line:94] INFO 用例“添加联系人”执行成功
2019-02-19 17:54:55 Send126Mail.py[line:24] INFO ----------发送带附件的邮件
2019-02-19 17:54:55 Send126Mail.py[line:33] INFO **********调用关键字驱动**********
2019-02-19 17:54:55 Send126Mail.py[line:70] INFO 执行步骤“点击“首页”链接，进入邮箱首页”成功
2019-02-19 17:54:56 Send126Mail.py[line:70] INFO 执行步骤“单击“写信”按钮”成功
2019-02-19 17:54:56 Send126Mail.py[line:70] INFO 执行步骤“收入收件人地址”成功
2019-02-19 17:54:56 Send126Mail.py[line:70] INFO 执行步骤“输入邮件主题”成功
2019-02-19 17:54:57 Send126Mail.py[line:70] INFO 执行步骤“单击“上传附件”按钮”成功
2019-02-19 17:54:59 Send126Mail.py[line:70] INFO 执行步骤“输入附件所在的绝对路径”成功
2019-02-19 17:54:59 Send126Mail.py[line:70] INFO 执行步骤“模拟键盘回车键”成功
2019-02-19 17:55:02 Send126Mail.py[line:70] INFO 执行步骤“等待附件上传完毕”成功
2019-02-19 17:55:02 Send126Mail.py[line:70] INFO 执行步骤“切入邮件正文的frame”成功
2019-02-19 17:55:02 Send126Mail.py[line:70] INFO 执行步骤“输入邮件正文”成功
2019-02-19 17:55:03 Send126Mail.py[line:70] INFO 执行步骤“切入默认会话窗体”成功
2019-02-19 17:55:03 Send126Mail.py[line:70] INFO 执行步骤“单击邮件“发送”按钮”成功
2019-02-19 17:55:06 Send126Mail.py[line:70] INFO 执行步骤“等待邮件发送”成功
2019-02-19 17:55:06 Send126Mail.py[line:70] INFO 执行步骤“断言邮件时候发送成功”成功
2019-02-19 17:55:09 Send126Mail.py[line:70] INFO 执行步骤“关闭浏览器”成功
2019-02-19 17:55:09 Send126Mail.py[line:81] INFO 用例“发送带附件的邮件”执行成功
2019-02-19 17:55:09 Send126Mail.py[line:102] INFO 共3条用例，3条需要被执行，本次执行通过3条
